--- Startup times for process: Primary (or UI client) ---

times in msec
 clock   self+sourced   self:  sourced script
 clock   elapsed:              other lines

000.000  000.000: --- NVIM STARTING ---
000.086  000.086: event init
000.256  000.170: early init
000.715  000.459: locale set
000.752  000.036: init first window
001.259  000.507: inits 1
001.269  000.010: window checked
001.271  000.003: parsing arguments
001.794  000.040  000.040: require('vim.shared')
001.883  000.034  000.034: require('vim.inspect')
001.927  000.036  000.036: require('vim._options')
001.929  000.132  000.062: require('vim._editor')
001.931  000.205  000.033: require('vim._init_packages')
001.934  000.458: init lua interpreter
004.268  002.333: nvim_ui_attach
004.618  000.351: nvim_set_client_info
004.619  000.001: --- NVIM STARTED ---

--- Startup times for process: Embedded ---

times in msec
 clock   self+sourced   self:  sourced script
 clock   elapsed:              other lines

000.000  000.000: --- NVIM STARTING ---
000.054  000.054: event init
000.161  000.107: early init
000.453  000.292: locale set
000.479  000.026: init first window
000.792  000.313: inits 1
000.806  000.013: window checked
000.808  000.002: parsing arguments
001.181  000.032  000.032: require('vim.shared')
001.247  000.026  000.026: require('vim.inspect')
001.280  000.027  000.027: require('vim._options')
001.282  000.098  000.045: require('vim._editor')
001.283  000.154  000.024: require('vim._init_packages')
001.284  000.322: init lua interpreter
003.045  001.761: expanding arguments
003.058  000.013: inits 2
003.273  000.215: init highlight
003.274  000.001: waiting for UI
003.407  000.133: done waiting for UI
003.412  000.005: clear screen
003.525  000.013  000.013: require('vim.keymap')
004.449  000.143  000.143: sourcing nvim_exec2()
004.574  001.160  001.004: require('vim._defaults')
004.575  000.004: init default mappings & autocommands
005.058  000.049  000.049: sourcing /opt/homebrew/Cellar/neovim/0.11.5_1/share/nvim/runtime/ftplugin.vim
005.147  000.024  000.024: sourcing /opt/homebrew/Cellar/neovim/0.11.5_1/share/nvim/runtime/indent.vim
005.561  000.265  000.265: require('config.user_env')
006.627  000.004  000.004: sourcing nvim_exec2() called at /Users/singhhhx/Developer/NvDots-2.0/init.lua:0
006.629  000.811  000.807: require('config.options')
006.795  000.166  000.166: require('lazy')
006.819  000.013  000.013: require('ffi')
006.860  000.025  000.025: require('vim.fs')
007.002  000.140  000.140: require('vim.uri')
007.009  000.188  000.023: require('vim.loader')
007.178  000.149  000.149: require('lazy.stats')
007.328  000.109  000.109: require('lazy.core.util')
007.456  000.127  000.127: require('lazy.core.config')
007.733  000.151  000.151: require('lazy.core.handler')
008.060  000.104  000.104: require('lazy.pkg')
008.062  000.223  000.119: require('lazy.core.meta')
008.067  000.333  000.110: require('lazy.core.plugin')
008.080  000.623  000.139: require('lazy.core.loader')
008.498  000.159  000.159: require('lazy.core.fragments')
009.735  000.113  000.113: require('lazy.core.handler.event')
009.841  000.104  000.104: require('lazy.core.handler.ft')
009.929  000.086  000.086: require('lazy.core.handler.cmd')
010.014  000.084  000.084: require('lazy.core.handler.keys')
010.575  000.139  000.139: sourcing nvim_exec2() called at /opt/homebrew/Cellar/neovim/0.11.5_1/share/nvim/runtime/filetype.lua:0
010.577  000.232  000.093: sourcing /opt/homebrew/Cellar/neovim/0.11.5_1/share/nvim/runtime/filetype.lua
010.582  000.287  000.055: sourcing nvim_exec2() called at /Users/singhhhx/Developer/NvDots-2.0/init.lua:0
010.653  000.001  000.001: sourcing nvim_exec2() called at /Users/singhhhx/Developer/NvDots-2.0/init.lua:0
010.658  000.001  000.001: sourcing nvim_exec2() called at /Users/singhhhx/Developer/NvDots-2.0/init.lua:0
011.103  000.421  000.421: require('kanagawa')
011.891  000.107  000.107: require('kanagawa.utils')
014.249  002.474  002.367: sourcing /Users/singhhhx/.local/share/nvim/lazy/kanagawa.nvim/colors/kanagawa.vim
014.781  000.320  000.320: require('snacks')
014.782  000.369  000.049: sourcing /Users/singhhhx/.local/share/nvim/lazy/snacks.nvim/plugin/snacks.lua
014.784  000.415  000.046: sourcing nvim_exec2() called at /Users/singhhhx/Developer/NvDots-2.0/init.lua:0
014.788  000.001  000.001: sourcing nvim_exec2() called at /Users/singhhhx/Developer/NvDots-2.0/init.lua:0
014.794  000.001  000.001: sourcing nvim_exec2() called at /Users/singhhhx/Developer/NvDots-2.0/init.lua:0
015.061  000.049  000.049: sourcing /opt/homebrew/Cellar/neovim/0.11.5_1/share/nvim/runtime/plugin/editorconfig.lua
015.064  000.093  000.044: sourcing nvim_exec2() called at /Users/singhhhx/Developer/NvDots-2.0/init.lua:0
015.154  000.049  000.049: sourcing /opt/homebrew/Cellar/neovim/0.11.5_1/share/nvim/runtime/plugin/osc52.lua
015.156  000.089  000.040: sourcing nvim_exec2() called at /Users/singhhhx/Developer/NvDots-2.0/init.lua:0
015.239  000.042  000.042: sourcing /opt/homebrew/Cellar/neovim/0.11.5_1/share/nvim/runtime/plugin/shada.vim
015.241  000.082  000.040: sourcing nvim_exec2() called at /Users/singhhhx/Developer/NvDots-2.0/init.lua:0
015.734  000.003  000.003: sourcing nvim_exec2() called at /Users/singhhhx/Developer/NvDots-2.0/init.lua:0
015.737  000.001  000.001: sourcing nvim_exec2() called at /Users/singhhhx/Developer/NvDots-2.0/init.lua:0
015.739  000.001  000.001: sourcing nvim_exec2() called at /Users/singhhhx/Developer/NvDots-2.0/init.lua:0
015.745  000.005  000.005: sourcing nvim_exec2() called at /Users/singhhhx/Developer/NvDots-2.0/init.lua:0
015.754  000.473  000.464: require('config.keymaps')
015.930  000.175  000.175: require('config.autocmds')
016.057  000.126  000.126: require('util.dash')
016.060  010.496  003.125: require('config.lazy')
016.061  010.804  000.043: sourcing /Users/singhhhx/.config/nvim/init.lua
016.068  000.616: sourcing vimrc file(s)
016.158  000.028  000.028: sourcing /opt/homebrew/Cellar/neovim/0.11.5_1/share/nvim/runtime/filetype.lua
016.346  000.048  000.048: sourcing /opt/homebrew/Cellar/neovim/0.11.5_1/share/nvim/runtime/syntax/synload.vim
016.408  000.186  000.138: sourcing /opt/homebrew/Cellar/neovim/0.11.5_1/share/nvim/runtime/syntax/syntax.vim
016.416  000.135: inits 3
017.019  000.603: reading ShaDa
017.070  000.051: opening buffers
017.238  000.153  000.153: require('util.zen')
017.241  000.018: BufEnter autocommands
017.242  000.001: editing files in windows
019.160  001.918: VimEnter autocommands
019.309  000.133  000.133: require('snacks.picker')
019.431  000.120  000.120: require('snacks.picker.config')
019.632  000.108  000.108: require('snacks.util')
019.730  000.297  000.190: require('snacks.picker.config.highlights')
019.832  000.099  000.099: require('snacks.picker.config.defaults')
019.989  000.157  000.157: require('snacks.picker.config.sources')
020.080  000.089  000.089: require('snacks.picker.config.layouts')
021.851  000.099  000.099: require('vim.ui')
021.966  000.095  000.095: require('vim.termcap')
022.011  000.038  000.038: require('vim.text')
022.021  001.733: UIEnter autocommands
022.231  000.143  000.143: sourcing /opt/homebrew/Cellar/neovim/0.11.5_1/share/nvim/runtime/autoload/provider/clipboard.vim
022.235  000.071: before starting main loop
022.311  000.077: first screen update
022.312  000.001: --- NVIM STARTED ---

